2023-12-05 16:49:57 [restartedMain] INFO  c.j.s.l.a.SpringBootLoggingApplication -
				Starting SpringBootLoggingApplication on Viveks-MacBook-Air.local with PID 5089 (started by vivekkumar in /Users/Java Projects/EclipseNatrajProject/spring-boot-logging-master)
2023-12-05 16:49:57 [restartedMain] DEBUG c.j.s.l.a.SpringBootLoggingApplication -
				Running with Spring Boot v1.5.12.RELEASE, Spring v4.3.16.RELEASE
2023-12-05 16:49:57 [restartedMain] INFO  c.j.s.l.a.SpringBootLoggingApplication -
				No active profile set, falling back to default profiles: default
2023-12-05 16:49:57 [restartedMain] INFO  c.j.s.l.a.SpringBootLoggingApplication -
				Started SpringBootLoggingApplication in 1.574 seconds (JVM running for 2.207)
2023-12-05 16:50:34 [restartedMain] INFO  c.j.s.l.a.SpringBootLoggingApplication -
				Starting SpringBootLoggingApplication on Viveks-MacBook-Air.local with PID 5089 (started by vivekkumar in /Users/Java Projects/EclipseNatrajProject/spring-boot-logging-master)
2023-12-05 16:50:34 [restartedMain] DEBUG c.j.s.l.a.SpringBootLoggingApplication -
				Running with Spring Boot v1.5.12.RELEASE, Spring v4.3.16.RELEASE
2023-12-05 16:50:34 [restartedMain] INFO  c.j.s.l.a.SpringBootLoggingApplication -
				No active profile set, falling back to default profiles: default
2023-12-05 16:50:34 [restartedMain] INFO  c.j.s.l.a.SpringBootLoggingApplication -
				Started SpringBootLoggingApplication in 0.209 seconds (JVM running for 39.274)
2023-12-05 17:20:44 [restartedMain] INFO  c.j.s.l.a.SpringBootLoggingApplication -
				Starting SpringBootLoggingApplication on Viveks-MacBook-Air.local with PID 5089 (started by vivekkumar in /Users/Java Projects/EclipseNatrajProject/spring-boot-logging-master)
2023-12-05 17:20:44 [restartedMain] DEBUG c.j.s.l.a.SpringBootLoggingApplication -
				Running with Spring Boot v1.5.12.RELEASE, Spring v4.3.16.RELEASE
2023-12-05 17:20:44 [restartedMain] INFO  c.j.s.l.a.SpringBootLoggingApplication -
				No active profile set, falling back to default profiles: default
2023-12-05 17:20:44 [restartedMain] INFO  c.j.s.l.a.SpringBootLoggingApplication -
				Started SpringBootLoggingApplication in 0.373 seconds (JVM running for 1834.086)
